The C compiler identification could not be found in "/home/geremy/CLionProjects/BunyEngine/cmake-build-debug-coverage/CMakeFiles/3.19.2/CompilerIdC/CMakeCCompilerId.gcno"

The CXX compiler identification could not be found in "/home/geremy/CLionProjects/BunyEngine/cmake-build-debug-coverage/CMakeFiles/3.19.2/CompilerIdCXX/CMakeCXXCompilerId.gcno"

Performing C SOURCE FILE Test CMAKE_HAVE_LIBC_PTHREAD failed with the following output:
Change Dir: /home/geremy/CLionProjects/BunyEngine/cmake-build-debug-coverage/CMakeFiles/CMakeTmp

Run Build Command(s):/usr/bin/make cmTC_464d8/fast && /usr/bin/make  -f CMakeFiles/cmTC_464d8.dir/build.make CMakeFiles/cmTC_464d8.dir/build
make[1]: вход в каталог «/home/geremy/CLionProjects/BunyEngine/cmake-build-debug-coverage/CMakeFiles/CMakeTmp»
Building C object CMakeFiles/cmTC_464d8.dir/src.c.o
/usr/bin/cc -DCMAKE_HAVE_LIBC_PTHREAD  --coverage  -o CMakeFiles/cmTC_464d8.dir/src.c.o -c /home/geremy/CLionProjects/BunyEngine/cmake-build-debug-coverage/CMakeFiles/CMakeTmp/src.c
Linking C executable cmTC_464d8
/opt/clion-2021.1.1/bin/cmake/linux/bin/cmake -E cmake_link_script CMakeFiles/cmTC_464d8.dir/link.txt --verbose=1
/usr/bin/cc --coverage  -rdynamic CMakeFiles/cmTC_464d8.dir/src.c.o -o cmTC_464d8 
/usr/bin/ld: CMakeFiles/cmTC_464d8.dir/src.c.o: в функции «main»:
src.c:(.text+0x6a): неопределённая ссылка на «pthread_create»
/usr/bin/ld: src.c:(.text+0x88): неопределённая ссылка на «pthread_detach»
/usr/bin/ld: src.c:(.text+0xa6): неопределённая ссылка на «pthread_cancel»
/usr/bin/ld: src.c:(.text+0xc9): неопределённая ссылка на «pthread_join»
collect2: error: ld returned 1 exit status
make[1]: *** [CMakeFiles/cmTC_464d8.dir/build.make:106: cmTC_464d8] Ошибка 1
make[1]: выход из каталога «/home/geremy/CLionProjects/BunyEngine/cmake-build-debug-coverage/CMakeFiles/CMakeTmp»
make: *** [Makefile:140: cmTC_464d8/fast] Ошибка 2


Source file was:
#include <pthread.h>

static void* test_func(void* data)
{
  return data;
}

int main(void)
{
  pthread_t thread;
  pthread_create(&thread, NULL, test_func, NULL);
  pthread_detach(thread);
  pthread_cancel(thread);
  pthread_join(thread, NULL);
  pthread_atfork(NULL, NULL, NULL);
  pthread_exit(NULL);

  return 0;
}

Determining if the function pthread_create exists in the pthreads failed with the following output:
Change Dir: /home/geremy/CLionProjects/BunyEngine/cmake-build-debug-coverage/CMakeFiles/CMakeTmp

Run Build Command(s):/usr/bin/make cmTC_d48a4/fast && /usr/bin/make  -f CMakeFiles/cmTC_d48a4.dir/build.make CMakeFiles/cmTC_d48a4.dir/build
make[1]: вход в каталог «/home/geremy/CLionProjects/BunyEngine/cmake-build-debug-coverage/CMakeFiles/CMakeTmp»
Building C object CMakeFiles/cmTC_d48a4.dir/CheckFunctionExists.c.o
/usr/bin/cc   --coverage -DCHECK_FUNCTION_EXISTS=pthread_create -o CMakeFiles/cmTC_d48a4.dir/CheckFunctionExists.c.o -c /opt/clion-2021.1.1/bin/cmake/linux/share/cmake-3.19/Modules/CheckFunctionExists.c
Linking C executable cmTC_d48a4
/opt/clion-2021.1.1/bin/cmake/linux/bin/cmake -E cmake_link_script CMakeFiles/cmTC_d48a4.dir/link.txt --verbose=1
/usr/bin/cc --coverage -DCHECK_FUNCTION_EXISTS=pthread_create -rdynamic CMakeFiles/cmTC_d48a4.dir/CheckFunctionExists.c.o -o cmTC_d48a4  -lpthreads 
/usr/bin/ld: невозможно найти -lpthreads
collect2: error: ld returned 1 exit status
make[1]: *** [CMakeFiles/cmTC_d48a4.dir/build.make:106: cmTC_d48a4] Ошибка 1
make[1]: выход из каталога «/home/geremy/CLionProjects/BunyEngine/cmake-build-debug-coverage/CMakeFiles/CMakeTmp»
make: *** [Makefile:140: cmTC_d48a4/fast] Ошибка 2



Performing C SOURCE FILE Test HAVE_GCC_PREFERRED_STACK_BOUNDARY failed with the following output:
Change Dir: /home/geremy/CLionProjects/BunyEngine/cmake-build-debug-coverage/CMakeFiles/CMakeTmp

Run Build Command(s):/usr/bin/make cmTC_ffb11/fast && /usr/bin/make  -f CMakeFiles/cmTC_ffb11.dir/build.make CMakeFiles/cmTC_ffb11.dir/build
make[1]: вход в каталог «/home/geremy/CLionProjects/BunyEngine/cmake-build-debug-coverage/CMakeFiles/CMakeTmp»
Building C object CMakeFiles/cmTC_ffb11.dir/src.c.o
/usr/bin/cc -DHAVE_GCC_PREFERRED_STACK_BOUNDARY  --coverage -idirafter "/home/geremy/CLionProjects/BunyEngine/libs/SDL2/src/video/khronos" -mpreferred-stack-boundary=2 -o CMakeFiles/cmTC_ffb11.dir/src.c.o -c /home/geremy/CLionProjects/BunyEngine/cmake-build-debug-coverage/CMakeFiles/CMakeTmp/src.c
cc1: error: ‘-mpreferred-stack-boundary=2’ is not between 3 and 12
make[1]: *** [CMakeFiles/cmTC_ffb11.dir/build.make:85: CMakeFiles/cmTC_ffb11.dir/src.c.o] Ошибка 1
make[1]: выход из каталога «/home/geremy/CLionProjects/BunyEngine/cmake-build-debug-coverage/CMakeFiles/CMakeTmp»
make: *** [Makefile:140: cmTC_ffb11/fast] Ошибка 2


Source file was:
int x = 0; int main(int argc, char **argv) {}
Performing C SOURCE FILE Test HAVE_ALTIVEC_H_HDR failed with the following output:
Change Dir: /home/geremy/CLionProjects/BunyEngine/cmake-build-debug-coverage/CMakeFiles/CMakeTmp

Run Build Command(s):/usr/bin/make cmTC_baf68/fast && /usr/bin/make  -f CMakeFiles/cmTC_baf68.dir/build.make CMakeFiles/cmTC_baf68.dir/build
make[1]: вход в каталог «/home/geremy/CLionProjects/BunyEngine/cmake-build-debug-coverage/CMakeFiles/CMakeTmp»
Building C object CMakeFiles/cmTC_baf68.dir/src.c.o
/usr/bin/cc -DHAVE_ALTIVEC_H_HDR  --coverage -idirafter "/home/geremy/CLionProjects/BunyEngine/libs/SDL2/src/video/khronos" -maltivec -o CMakeFiles/cmTC_baf68.dir/src.c.o -c /home/geremy/CLionProjects/BunyEngine/cmake-build-debug-coverage/CMakeFiles/CMakeTmp/src.c
cc: error: unrecognized command line option ‘-maltivec’
make[1]: *** [CMakeFiles/cmTC_baf68.dir/build.make:85: CMakeFiles/cmTC_baf68.dir/src.c.o] Ошибка 1
make[1]: выход из каталога «/home/geremy/CLionProjects/BunyEngine/cmake-build-debug-coverage/CMakeFiles/CMakeTmp»
make: *** [Makefile:140: cmTC_baf68/fast] Ошибка 2


Source file was:

          #include <altivec.h>
          vector unsigned int vzero() {
              return vec_splat_u32(0);
          }
          int main(int argc, char **argv) { }
Performing C SOURCE FILE Test HAVE_ALTIVEC failed with the following output:
Change Dir: /home/geremy/CLionProjects/BunyEngine/cmake-build-debug-coverage/CMakeFiles/CMakeTmp

Run Build Command(s):/usr/bin/make cmTC_100a2/fast && /usr/bin/make  -f CMakeFiles/cmTC_100a2.dir/build.make CMakeFiles/cmTC_100a2.dir/build
make[1]: вход в каталог «/home/geremy/CLionProjects/BunyEngine/cmake-build-debug-coverage/CMakeFiles/CMakeTmp»
Building C object CMakeFiles/cmTC_100a2.dir/src.c.o
/usr/bin/cc -DHAVE_ALTIVEC  --coverage -idirafter "/home/geremy/CLionProjects/BunyEngine/libs/SDL2/src/video/khronos" -maltivec -o CMakeFiles/cmTC_100a2.dir/src.c.o -c /home/geremy/CLionProjects/BunyEngine/cmake-build-debug-coverage/CMakeFiles/CMakeTmp/src.c
cc: error: unrecognized command line option ‘-maltivec’
make[1]: *** [CMakeFiles/cmTC_100a2.dir/build.make:85: CMakeFiles/cmTC_100a2.dir/src.c.o] Ошибка 1
make[1]: выход из каталога «/home/geremy/CLionProjects/BunyEngine/cmake-build-debug-coverage/CMakeFiles/CMakeTmp»
make: *** [Makefile:140: cmTC_100a2/fast] Ошибка 2


Source file was:

          vector unsigned int vzero() {
              return vec_splat_u32(0);
          }
          int main(int argc, char **argv) { }
Determining if the include file libunwind.h exists failed with the following output:
Change Dir: /home/geremy/CLionProjects/BunyEngine/cmake-build-debug-coverage/CMakeFiles/CMakeTmp

Run Build Command(s):/usr/bin/make cmTC_085e4/fast && /usr/bin/make  -f CMakeFiles/cmTC_085e4.dir/build.make CMakeFiles/cmTC_085e4.dir/build
make[1]: вход в каталог «/home/geremy/CLionProjects/BunyEngine/cmake-build-debug-coverage/CMakeFiles/CMakeTmp»
Building C object CMakeFiles/cmTC_085e4.dir/CheckIncludeFile.c.o
/usr/bin/cc   --coverage -idirafter "/home/geremy/CLionProjects/BunyEngine/libs/SDL2/src/video/khronos"  -o CMakeFiles/cmTC_085e4.dir/CheckIncludeFile.c.o -c /home/geremy/CLionProjects/BunyEngine/cmake-build-debug-coverage/CMakeFiles/CMakeTmp/CheckIncludeFile.c
/home/geremy/CLionProjects/BunyEngine/cmake-build-debug-coverage/CMakeFiles/CMakeTmp/CheckIncludeFile.c:1:10: fatal error: libunwind.h: Нет такого файла или каталога
    1 | #include <libunwind.h>
      |          ^~~~~~~~~~~~~
compilation terminated.
make[1]: *** [CMakeFiles/cmTC_085e4.dir/build.make:85: CMakeFiles/cmTC_085e4.dir/CheckIncludeFile.c.o] Ошибка 1
make[1]: выход из каталога «/home/geremy/CLionProjects/BunyEngine/cmake-build-debug-coverage/CMakeFiles/CMakeTmp»
make: *** [Makefile:140: cmTC_085e4/fast] Ошибка 2



Determining if the strlcpy exist failed with the following output:
Change Dir: /home/geremy/CLionProjects/BunyEngine/cmake-build-debug-coverage/CMakeFiles/CMakeTmp

Run Build Command(s):/usr/bin/make cmTC_b4ba2/fast && /usr/bin/make  -f CMakeFiles/cmTC_b4ba2.dir/build.make CMakeFiles/cmTC_b4ba2.dir/build
make[1]: вход в каталог «/home/geremy/CLionProjects/BunyEngine/cmake-build-debug-coverage/CMakeFiles/CMakeTmp»
Building C object CMakeFiles/cmTC_b4ba2.dir/CheckSymbolExists.c.o
/usr/bin/cc   --coverage -idirafter "/home/geremy/CLionProjects/BunyEngine/libs/SDL2/src/video/khronos"  -o CMakeFiles/cmTC_b4ba2.dir/CheckSymbolExists.c.o -c /home/geremy/CLionProjects/BunyEngine/cmake-build-debug-coverage/CMakeFiles/CMakeTmp/CheckSymbolExists.c
/home/geremy/CLionProjects/BunyEngine/cmake-build-debug-coverage/CMakeFiles/CMakeTmp/CheckSymbolExists.c: In function ‘main’:
/home/geremy/CLionProjects/BunyEngine/cmake-build-debug-coverage/CMakeFiles/CMakeTmp/CheckSymbolExists.c:14:19: error: ‘strlcpy’ undeclared (first use in this function); did you mean ‘strncpy’?
   14 |   return ((int*)(&strlcpy))[argc];
      |                   ^~~~~~~
      |                   strncpy
/home/geremy/CLionProjects/BunyEngine/cmake-build-debug-coverage/CMakeFiles/CMakeTmp/CheckSymbolExists.c:14:19: note: each undeclared identifier is reported only once for each function it appears in
make[1]: *** [CMakeFiles/cmTC_b4ba2.dir/build.make:85: CMakeFiles/cmTC_b4ba2.dir/CheckSymbolExists.c.o] Ошибка 1
make[1]: выход из каталога «/home/geremy/CLionProjects/BunyEngine/cmake-build-debug-coverage/CMakeFiles/CMakeTmp»
make: *** [Makefile:140: cmTC_b4ba2/fast] Ошибка 2


File /home/geremy/CLionProjects/BunyEngine/cmake-build-debug-coverage/CMakeFiles/CMakeTmp/CheckSymbolExists.c:
/* */
#include <stddef.h>
#include <stdarg.h>
#include <stdlib.h>
#include <string.h>
#include <stdio.h>
#include <wchar.h>
#include <float.h>

int main(int argc, char** argv)
{
  (void)argv;
#ifndef strlcpy
  return ((int*)(&strlcpy))[argc];
#else
  (void)argc;
  return 0;
#endif
}
Determining if the strlcat exist failed with the following output:
Change Dir: /home/geremy/CLionProjects/BunyEngine/cmake-build-debug-coverage/CMakeFiles/CMakeTmp

Run Build Command(s):/usr/bin/make cmTC_631dd/fast && /usr/bin/make  -f CMakeFiles/cmTC_631dd.dir/build.make CMakeFiles/cmTC_631dd.dir/build
make[1]: вход в каталог «/home/geremy/CLionProjects/BunyEngine/cmake-build-debug-coverage/CMakeFiles/CMakeTmp»
Building C object CMakeFiles/cmTC_631dd.dir/CheckSymbolExists.c.o
/usr/bin/cc   --coverage -idirafter "/home/geremy/CLionProjects/BunyEngine/libs/SDL2/src/video/khronos"  -o CMakeFiles/cmTC_631dd.dir/CheckSymbolExists.c.o -c /home/geremy/CLionProjects/BunyEngine/cmake-build-debug-coverage/CMakeFiles/CMakeTmp/CheckSymbolExists.c
/home/geremy/CLionProjects/BunyEngine/cmake-build-debug-coverage/CMakeFiles/CMakeTmp/CheckSymbolExists.c: In function ‘main’:
/home/geremy/CLionProjects/BunyEngine/cmake-build-debug-coverage/CMakeFiles/CMakeTmp/CheckSymbolExists.c:14:19: error: ‘strlcat’ undeclared (first use in this function); did you mean ‘strncat’?
   14 |   return ((int*)(&strlcat))[argc];
      |                   ^~~~~~~
      |                   strncat
/home/geremy/CLionProjects/BunyEngine/cmake-build-debug-coverage/CMakeFiles/CMakeTmp/CheckSymbolExists.c:14:19: note: each undeclared identifier is reported only once for each function it appears in
make[1]: *** [CMakeFiles/cmTC_631dd.dir/build.make:85: CMakeFiles/cmTC_631dd.dir/CheckSymbolExists.c.o] Ошибка 1
make[1]: выход из каталога «/home/geremy/CLionProjects/BunyEngine/cmake-build-debug-coverage/CMakeFiles/CMakeTmp»
make: *** [Makefile:140: cmTC_631dd/fast] Ошибка 2


File /home/geremy/CLionProjects/BunyEngine/cmake-build-debug-coverage/CMakeFiles/CMakeTmp/CheckSymbolExists.c:
/* */
#include <stddef.h>
#include <stdarg.h>
#include <stdlib.h>
#include <string.h>
#include <stdio.h>
#include <wchar.h>
#include <float.h>

int main(int argc, char** argv)
{
  (void)argv;
#ifndef strlcat
  return ((int*)(&strlcat))[argc];
#else
  (void)argc;
  return 0;
#endif
}
Determining if the _strrev exist failed with the following output:
Change Dir: /home/geremy/CLionProjects/BunyEngine/cmake-build-debug-coverage/CMakeFiles/CMakeTmp

Run Build Command(s):/usr/bin/make cmTC_82a01/fast && /usr/bin/make  -f CMakeFiles/cmTC_82a01.dir/build.make CMakeFiles/cmTC_82a01.dir/build
make[1]: вход в каталог «/home/geremy/CLionProjects/BunyEngine/cmake-build-debug-coverage/CMakeFiles/CMakeTmp»
Building C object CMakeFiles/cmTC_82a01.dir/CheckSymbolExists.c.o
/usr/bin/cc   --coverage -idirafter "/home/geremy/CLionProjects/BunyEngine/libs/SDL2/src/video/khronos"  -o CMakeFiles/cmTC_82a01.dir/CheckSymbolExists.c.o -c /home/geremy/CLionProjects/BunyEngine/cmake-build-debug-coverage/CMakeFiles/CMakeTmp/CheckSymbolExists.c
/home/geremy/CLionProjects/BunyEngine/cmake-build-debug-coverage/CMakeFiles/CMakeTmp/CheckSymbolExists.c: In function ‘main’:
/home/geremy/CLionProjects/BunyEngine/cmake-build-debug-coverage/CMakeFiles/CMakeTmp/CheckSymbolExists.c:14:19: error: ‘_strrev’ undeclared (first use in this function)
   14 |   return ((int*)(&_strrev))[argc];
      |                   ^~~~~~~
/home/geremy/CLionProjects/BunyEngine/cmake-build-debug-coverage/CMakeFiles/CMakeTmp/CheckSymbolExists.c:14:19: note: each undeclared identifier is reported only once for each function it appears in
make[1]: *** [CMakeFiles/cmTC_82a01.dir/build.make:85: CMakeFiles/cmTC_82a01.dir/CheckSymbolExists.c.o] Ошибка 1
make[1]: выход из каталога «/home/geremy/CLionProjects/BunyEngine/cmake-build-debug-coverage/CMakeFiles/CMakeTmp»
make: *** [Makefile:140: cmTC_82a01/fast] Ошибка 2


File /home/geremy/CLionProjects/BunyEngine/cmake-build-debug-coverage/CMakeFiles/CMakeTmp/CheckSymbolExists.c:
/* */
#include <stddef.h>
#include <stdarg.h>
#include <stdlib.h>
#include <string.h>
#include <stdio.h>
#include <wchar.h>
#include <float.h>

int main(int argc, char** argv)
{
  (void)argv;
#ifndef _strrev
  return ((int*)(&_strrev))[argc];
#else
  (void)argc;
  return 0;
#endif
}
Determining if the _strupr exist failed with the following output:
Change Dir: /home/geremy/CLionProjects/BunyEngine/cmake-build-debug-coverage/CMakeFiles/CMakeTmp

Run Build Command(s):/usr/bin/make cmTC_0f043/fast && /usr/bin/make  -f CMakeFiles/cmTC_0f043.dir/build.make CMakeFiles/cmTC_0f043.dir/build
make[1]: вход в каталог «/home/geremy/CLionProjects/BunyEngine/cmake-build-debug-coverage/CMakeFiles/CMakeTmp»
Building C object CMakeFiles/cmTC_0f043.dir/CheckSymbolExists.c.o
/usr/bin/cc   --coverage -idirafter "/home/geremy/CLionProjects/BunyEngine/libs/SDL2/src/video/khronos"  -o CMakeFiles/cmTC_0f043.dir/CheckSymbolExists.c.o -c /home/geremy/CLionProjects/BunyEngine/cmake-build-debug-coverage/CMakeFiles/CMakeTmp/CheckSymbolExists.c
/home/geremy/CLionProjects/BunyEngine/cmake-build-debug-coverage/CMakeFiles/CMakeTmp/CheckSymbolExists.c: In function ‘main’:
/home/geremy/CLionProjects/BunyEngine/cmake-build-debug-coverage/CMakeFiles/CMakeTmp/CheckSymbolExists.c:14:19: error: ‘_strupr’ undeclared (first use in this function)
   14 |   return ((int*)(&_strupr))[argc];
      |                   ^~~~~~~
/home/geremy/CLionProjects/BunyEngine/cmake-build-debug-coverage/CMakeFiles/CMakeTmp/CheckSymbolExists.c:14:19: note: each undeclared identifier is reported only once for each function it appears in
make[1]: *** [CMakeFiles/cmTC_0f043.dir/build.make:85: CMakeFiles/cmTC_0f043.dir/CheckSymbolExists.c.o] Ошибка 1
make[1]: выход из каталога «/home/geremy/CLionProjects/BunyEngine/cmake-build-debug-coverage/CMakeFiles/CMakeTmp»
make: *** [Makefile:140: cmTC_0f043/fast] Ошибка 2


File /home/geremy/CLionProjects/BunyEngine/cmake-build-debug-coverage/CMakeFiles/CMakeTmp/CheckSymbolExists.c:
/* */
#include <stddef.h>
#include <stdarg.h>
#include <stdlib.h>
#include <string.h>
#include <stdio.h>
#include <wchar.h>
#include <float.h>

int main(int argc, char** argv)
{
  (void)argv;
#ifndef _strupr
  return ((int*)(&_strupr))[argc];
#else
  (void)argc;
  return 0;
#endif
}
Determining if the _strlwr exist failed with the following output:
Change Dir: /home/geremy/CLionProjects/BunyEngine/cmake-build-debug-coverage/CMakeFiles/CMakeTmp

Run Build Command(s):/usr/bin/make cmTC_53c17/fast && /usr/bin/make  -f CMakeFiles/cmTC_53c17.dir/build.make CMakeFiles/cmTC_53c17.dir/build
make[1]: вход в каталог «/home/geremy/CLionProjects/BunyEngine/cmake-build-debug-coverage/CMakeFiles/CMakeTmp»
Building C object CMakeFiles/cmTC_53c17.dir/CheckSymbolExists.c.o
/usr/bin/cc   --coverage -idirafter "/home/geremy/CLionProjects/BunyEngine/libs/SDL2/src/video/khronos"  -o CMakeFiles/cmTC_53c17.dir/CheckSymbolExists.c.o -c /home/geremy/CLionProjects/BunyEngine/cmake-build-debug-coverage/CMakeFiles/CMakeTmp/CheckSymbolExists.c
/home/geremy/CLionProjects/BunyEngine/cmake-build-debug-coverage/CMakeFiles/CMakeTmp/CheckSymbolExists.c: In function ‘main’:
/home/geremy/CLionProjects/BunyEngine/cmake-build-debug-coverage/CMakeFiles/CMakeTmp/CheckSymbolExists.c:14:19: error: ‘_strlwr’ undeclared (first use in this function)
   14 |   return ((int*)(&_strlwr))[argc];
      |                   ^~~~~~~
/home/geremy/CLionProjects/BunyEngine/cmake-build-debug-coverage/CMakeFiles/CMakeTmp/CheckSymbolExists.c:14:19: note: each undeclared identifier is reported only once for each function it appears in
make[1]: *** [CMakeFiles/cmTC_53c17.dir/build.make:85: CMakeFiles/cmTC_53c17.dir/CheckSymbolExists.c.o] Ошибка 1
make[1]: выход из каталога «/home/geremy/CLionProjects/BunyEngine/cmake-build-debug-coverage/CMakeFiles/CMakeTmp»
make: *** [Makefile:140: cmTC_53c17/fast] Ошибка 2


File /home/geremy/CLionProjects/BunyEngine/cmake-build-debug-coverage/CMakeFiles/CMakeTmp/CheckSymbolExists.c:
/* */
#include <stddef.h>
#include <stdarg.h>
#include <stdlib.h>
#include <string.h>
#include <stdio.h>
#include <wchar.h>
#include <float.h>

int main(int argc, char** argv)
{
  (void)argv;
#ifndef _strlwr
  return ((int*)(&_strlwr))[argc];
#else
  (void)argc;
  return 0;
#endif
}
Determining if the itoa exist failed with the following output:
Change Dir: /home/geremy/CLionProjects/BunyEngine/cmake-build-debug-coverage/CMakeFiles/CMakeTmp

Run Build Command(s):/usr/bin/make cmTC_42f54/fast && /usr/bin/make  -f CMakeFiles/cmTC_42f54.dir/build.make CMakeFiles/cmTC_42f54.dir/build
make[1]: вход в каталог «/home/geremy/CLionProjects/BunyEngine/cmake-build-debug-coverage/CMakeFiles/CMakeTmp»
Building C object CMakeFiles/cmTC_42f54.dir/CheckSymbolExists.c.o
/usr/bin/cc   --coverage -idirafter "/home/geremy/CLionProjects/BunyEngine/libs/SDL2/src/video/khronos"  -o CMakeFiles/cmTC_42f54.dir/CheckSymbolExists.c.o -c /home/geremy/CLionProjects/BunyEngine/cmake-build-debug-coverage/CMakeFiles/CMakeTmp/CheckSymbolExists.c
/home/geremy/CLionProjects/BunyEngine/cmake-build-debug-coverage/CMakeFiles/CMakeTmp/CheckSymbolExists.c: In function ‘main’:
/home/geremy/CLionProjects/BunyEngine/cmake-build-debug-coverage/CMakeFiles/CMakeTmp/CheckSymbolExists.c:14:19: error: ‘itoa’ undeclared (first use in this function)
   14 |   return ((int*)(&itoa))[argc];
      |                   ^~~~
/home/geremy/CLionProjects/BunyEngine/cmake-build-debug-coverage/CMakeFiles/CMakeTmp/CheckSymbolExists.c:14:19: note: each undeclared identifier is reported only once for each function it appears in
make[1]: *** [CMakeFiles/cmTC_42f54.dir/build.make:85: CMakeFiles/cmTC_42f54.dir/CheckSymbolExists.c.o] Ошибка 1
make[1]: выход из каталога «/home/geremy/CLionProjects/BunyEngine/cmake-build-debug-coverage/CMakeFiles/CMakeTmp»
make: *** [Makefile:140: cmTC_42f54/fast] Ошибка 2


File /home/geremy/CLionProjects/BunyEngine/cmake-build-debug-coverage/CMakeFiles/CMakeTmp/CheckSymbolExists.c:
/* */
#include <stddef.h>
#include <stdarg.h>
#include <stdlib.h>
#include <string.h>
#include <stdio.h>
#include <wchar.h>
#include <float.h>

int main(int argc, char** argv)
{
  (void)argv;
#ifndef itoa
  return ((int*)(&itoa))[argc];
#else
  (void)argc;
  return 0;
#endif
}
Determining if the _ltoa exist failed with the following output:
Change Dir: /home/geremy/CLionProjects/BunyEngine/cmake-build-debug-coverage/CMakeFiles/CMakeTmp

Run Build Command(s):/usr/bin/make cmTC_c3e44/fast && /usr/bin/make  -f CMakeFiles/cmTC_c3e44.dir/build.make CMakeFiles/cmTC_c3e44.dir/build
make[1]: вход в каталог «/home/geremy/CLionProjects/BunyEngine/cmake-build-debug-coverage/CMakeFiles/CMakeTmp»
Building C object CMakeFiles/cmTC_c3e44.dir/CheckSymbolExists.c.o
/usr/bin/cc   --coverage -idirafter "/home/geremy/CLionProjects/BunyEngine/libs/SDL2/src/video/khronos"  -o CMakeFiles/cmTC_c3e44.dir/CheckSymbolExists.c.o -c /home/geremy/CLionProjects/BunyEngine/cmake-build-debug-coverage/CMakeFiles/CMakeTmp/CheckSymbolExists.c
/home/geremy/CLionProjects/BunyEngine/cmake-build-debug-coverage/CMakeFiles/CMakeTmp/CheckSymbolExists.c: In function ‘main’:
/home/geremy/CLionProjects/BunyEngine/cmake-build-debug-coverage/CMakeFiles/CMakeTmp/CheckSymbolExists.c:14:19: error: ‘_ltoa’ undeclared (first use in this function)
   14 |   return ((int*)(&_ltoa))[argc];
      |                   ^~~~~
/home/geremy/CLionProjects/BunyEngine/cmake-build-debug-coverage/CMakeFiles/CMakeTmp/CheckSymbolExists.c:14:19: note: each undeclared identifier is reported only once for each function it appears in
make[1]: *** [CMakeFiles/cmTC_c3e44.dir/build.make:85: CMakeFiles/cmTC_c3e44.dir/CheckSymbolExists.c.o] Ошибка 1
make[1]: выход из каталога «/home/geremy/CLionProjects/BunyEngine/cmake-build-debug-coverage/CMakeFiles/CMakeTmp»
make: *** [Makefile:140: cmTC_c3e44/fast] Ошибка 2


File /home/geremy/CLionProjects/BunyEngine/cmake-build-debug-coverage/CMakeFiles/CMakeTmp/CheckSymbolExists.c:
/* */
#include <stddef.h>
#include <stdarg.h>
#include <stdlib.h>
#include <string.h>
#include <stdio.h>
#include <wchar.h>
#include <float.h>

int main(int argc, char** argv)
{
  (void)argv;
#ifndef _ltoa
  return ((int*)(&_ltoa))[argc];
#else
  (void)argc;
  return 0;
#endif
}
Determining if the _uitoa exist failed with the following output:
Change Dir: /home/geremy/CLionProjects/BunyEngine/cmake-build-debug-coverage/CMakeFiles/CMakeTmp

Run Build Command(s):/usr/bin/make cmTC_05994/fast && /usr/bin/make  -f CMakeFiles/cmTC_05994.dir/build.make CMakeFiles/cmTC_05994.dir/build
make[1]: вход в каталог «/home/geremy/CLionProjects/BunyEngine/cmake-build-debug-coverage/CMakeFiles/CMakeTmp»
Building C object CMakeFiles/cmTC_05994.dir/CheckSymbolExists.c.o
/usr/bin/cc   --coverage -idirafter "/home/geremy/CLionProjects/BunyEngine/libs/SDL2/src/video/khronos"  -o CMakeFiles/cmTC_05994.dir/CheckSymbolExists.c.o -c /home/geremy/CLionProjects/BunyEngine/cmake-build-debug-coverage/CMakeFiles/CMakeTmp/CheckSymbolExists.c
/home/geremy/CLionProjects/BunyEngine/cmake-build-debug-coverage/CMakeFiles/CMakeTmp/CheckSymbolExists.c: In function ‘main’:
/home/geremy/CLionProjects/BunyEngine/cmake-build-debug-coverage/CMakeFiles/CMakeTmp/CheckSymbolExists.c:14:19: error: ‘_uitoa’ undeclared (first use in this function)
   14 |   return ((int*)(&_uitoa))[argc];
      |                   ^~~~~~
/home/geremy/CLionProjects/BunyEngine/cmake-build-debug-coverage/CMakeFiles/CMakeTmp/CheckSymbolExists.c:14:19: note: each undeclared identifier is reported only once for each function it appears in
make[1]: *** [CMakeFiles/cmTC_05994.dir/build.make:85: CMakeFiles/cmTC_05994.dir/CheckSymbolExists.c.o] Ошибка 1
make[1]: выход из каталога «/home/geremy/CLionProjects/BunyEngine/cmake-build-debug-coverage/CMakeFiles/CMakeTmp»
make: *** [Makefile:140: cmTC_05994/fast] Ошибка 2


File /home/geremy/CLionProjects/BunyEngine/cmake-build-debug-coverage/CMakeFiles/CMakeTmp/CheckSymbolExists.c:
/* */
#include <stddef.h>
#include <stdarg.h>
#include <stdlib.h>
#include <string.h>
#include <stdio.h>
#include <wchar.h>
#include <float.h>

int main(int argc, char** argv)
{
  (void)argv;
#ifndef _uitoa
  return ((int*)(&_uitoa))[argc];
#else
  (void)argc;
  return 0;
#endif
}
Determining if the _ultoa exist failed with the following output:
Change Dir: /home/geremy/CLionProjects/BunyEngine/cmake-build-debug-coverage/CMakeFiles/CMakeTmp

Run Build Command(s):/usr/bin/make cmTC_f98c1/fast && /usr/bin/make  -f CMakeFiles/cmTC_f98c1.dir/build.make CMakeFiles/cmTC_f98c1.dir/build
make[1]: вход в каталог «/home/geremy/CLionProjects/BunyEngine/cmake-build-debug-coverage/CMakeFiles/CMakeTmp»
Building C object CMakeFiles/cmTC_f98c1.dir/CheckSymbolExists.c.o
/usr/bin/cc   --coverage -idirafter "/home/geremy/CLionProjects/BunyEngine/libs/SDL2/src/video/khronos"  -o CMakeFiles/cmTC_f98c1.dir/CheckSymbolExists.c.o -c /home/geremy/CLionProjects/BunyEngine/cmake-build-debug-coverage/CMakeFiles/CMakeTmp/CheckSymbolExists.c
/home/geremy/CLionProjects/BunyEngine/cmake-build-debug-coverage/CMakeFiles/CMakeTmp/CheckSymbolExists.c: In function ‘main’:
/home/geremy/CLionProjects/BunyEngine/cmake-build-debug-coverage/CMakeFiles/CMakeTmp/CheckSymbolExists.c:14:19: error: ‘_ultoa’ undeclared (first use in this function)
   14 |   return ((int*)(&_ultoa))[argc];
      |                   ^~~~~~
/home/geremy/CLionProjects/BunyEngine/cmake-build-debug-coverage/CMakeFiles/CMakeTmp/CheckSymbolExists.c:14:19: note: each undeclared identifier is reported only once for each function it appears in
make[1]: *** [CMakeFiles/cmTC_f98c1.dir/build.make:85: CMakeFiles/cmTC_f98c1.dir/CheckSymbolExists.c.o] Ошибка 1
make[1]: выход из каталога «/home/geremy/CLionProjects/BunyEngine/cmake-build-debug-coverage/CMakeFiles/CMakeTmp»
make: *** [Makefile:140: cmTC_f98c1/fast] Ошибка 2


File /home/geremy/CLionProjects/BunyEngine/cmake-build-debug-coverage/CMakeFiles/CMakeTmp/CheckSymbolExists.c:
/* */
#include <stddef.h>
#include <stdarg.h>
#include <stdlib.h>
#include <string.h>
#include <stdio.h>
#include <wchar.h>
#include <float.h>

int main(int argc, char** argv)
{
  (void)argv;
#ifndef _ultoa
  return ((int*)(&_ultoa))[argc];
#else
  (void)argc;
  return 0;
#endif
}
Determining if the _i64toa exist failed with the following output:
Change Dir: /home/geremy/CLionProjects/BunyEngine/cmake-build-debug-coverage/CMakeFiles/CMakeTmp

Run Build Command(s):/usr/bin/make cmTC_a8179/fast && /usr/bin/make  -f CMakeFiles/cmTC_a8179.dir/build.make CMakeFiles/cmTC_a8179.dir/build
make[1]: вход в каталог «/home/geremy/CLionProjects/BunyEngine/cmake-build-debug-coverage/CMakeFiles/CMakeTmp»
Building C object CMakeFiles/cmTC_a8179.dir/CheckSymbolExists.c.o
/usr/bin/cc   --coverage -idirafter "/home/geremy/CLionProjects/BunyEngine/libs/SDL2/src/video/khronos"  -o CMakeFiles/cmTC_a8179.dir/CheckSymbolExists.c.o -c /home/geremy/CLionProjects/BunyEngine/cmake-build-debug-coverage/CMakeFiles/CMakeTmp/CheckSymbolExists.c
/home/geremy/CLionProjects/BunyEngine/cmake-build-debug-coverage/CMakeFiles/CMakeTmp/CheckSymbolExists.c: In function ‘main’:
/home/geremy/CLionProjects/BunyEngine/cmake-build-debug-coverage/CMakeFiles/CMakeTmp/CheckSymbolExists.c:14:19: error: ‘_i64toa’ undeclared (first use in this function)
   14 |   return ((int*)(&_i64toa))[argc];
      |                   ^~~~~~~
/home/geremy/CLionProjects/BunyEngine/cmake-build-debug-coverage/CMakeFiles/CMakeTmp/CheckSymbolExists.c:14:19: note: each undeclared identifier is reported only once for each function it appears in
make[1]: *** [CMakeFiles/cmTC_a8179.dir/build.make:85: CMakeFiles/cmTC_a8179.dir/CheckSymbolExists.c.o] Ошибка 1
make[1]: выход из каталога «/home/geremy/CLionProjects/BunyEngine/cmake-build-debug-coverage/CMakeFiles/CMakeTmp»
make: *** [Makefile:140: cmTC_a8179/fast] Ошибка 2


File /home/geremy/CLionProjects/BunyEngine/cmake-build-debug-coverage/CMakeFiles/CMakeTmp/CheckSymbolExists.c:
/* */
#include <stddef.h>
#include <stdarg.h>
#include <stdlib.h>
#include <string.h>
#include <stdio.h>
#include <wchar.h>
#include <float.h>

int main(int argc, char** argv)
{
  (void)argv;
#ifndef _i64toa
  return ((int*)(&_i64toa))[argc];
#else
  (void)argc;
  return 0;
#endif
}
Determining if the _ui64toa exist failed with the following output:
Change Dir: /home/geremy/CLionProjects/BunyEngine/cmake-build-debug-coverage/CMakeFiles/CMakeTmp

Run Build Command(s):/usr/bin/make cmTC_03822/fast && /usr/bin/make  -f CMakeFiles/cmTC_03822.dir/build.make CMakeFiles/cmTC_03822.dir/build
make[1]: вход в каталог «/home/geremy/CLionProjects/BunyEngine/cmake-build-debug-coverage/CMakeFiles/CMakeTmp»
Building C object CMakeFiles/cmTC_03822.dir/CheckSymbolExists.c.o
/usr/bin/cc   --coverage -idirafter "/home/geremy/CLionProjects/BunyEngine/libs/SDL2/src/video/khronos"  -o CMakeFiles/cmTC_03822.dir/CheckSymbolExists.c.o -c /home/geremy/CLionProjects/BunyEngine/cmake-build-debug-coverage/CMakeFiles/CMakeTmp/CheckSymbolExists.c
/home/geremy/CLionProjects/BunyEngine/cmake-build-debug-coverage/CMakeFiles/CMakeTmp/CheckSymbolExists.c: In function ‘main’:
/home/geremy/CLionProjects/BunyEngine/cmake-build-debug-coverage/CMakeFiles/CMakeTmp/CheckSymbolExists.c:14:19: error: ‘_ui64toa’ undeclared (first use in this function)
   14 |   return ((int*)(&_ui64toa))[argc];
      |                   ^~~~~~~~
/home/geremy/CLionProjects/BunyEngine/cmake-build-debug-coverage/CMakeFiles/CMakeTmp/CheckSymbolExists.c:14:19: note: each undeclared identifier is reported only once for each function it appears in
make[1]: *** [CMakeFiles/cmTC_03822.dir/build.make:85: CMakeFiles/cmTC_03822.dir/CheckSymbolExists.c.o] Ошибка 1
make[1]: выход из каталога «/home/geremy/CLionProjects/BunyEngine/cmake-build-debug-coverage/CMakeFiles/CMakeTmp»
make: *** [Makefile:140: cmTC_03822/fast] Ошибка 2


File /home/geremy/CLionProjects/BunyEngine/cmake-build-debug-coverage/CMakeFiles/CMakeTmp/CheckSymbolExists.c:
/* */
#include <stddef.h>
#include <stdarg.h>
#include <stdlib.h>
#include <string.h>
#include <stdio.h>
#include <wchar.h>
#include <float.h>

int main(int argc, char** argv)
{
  (void)argv;
#ifndef _ui64toa
  return ((int*)(&_ui64toa))[argc];
#else
  (void)argc;
  return 0;
#endif
}
Determining if the _stricmp exist failed with the following output:
Change Dir: /home/geremy/CLionProjects/BunyEngine/cmake-build-debug-coverage/CMakeFiles/CMakeTmp

Run Build Command(s):/usr/bin/make cmTC_5d88d/fast && /usr/bin/make  -f CMakeFiles/cmTC_5d88d.dir/build.make CMakeFiles/cmTC_5d88d.dir/build
make[1]: вход в каталог «/home/geremy/CLionProjects/BunyEngine/cmake-build-debug-coverage/CMakeFiles/CMakeTmp»
Building C object CMakeFiles/cmTC_5d88d.dir/CheckSymbolExists.c.o
/usr/bin/cc   --coverage -idirafter "/home/geremy/CLionProjects/BunyEngine/libs/SDL2/src/video/khronos"  -o CMakeFiles/cmTC_5d88d.dir/CheckSymbolExists.c.o -c /home/geremy/CLionProjects/BunyEngine/cmake-build-debug-coverage/CMakeFiles/CMakeTmp/CheckSymbolExists.c
/home/geremy/CLionProjects/BunyEngine/cmake-build-debug-coverage/CMakeFiles/CMakeTmp/CheckSymbolExists.c: In function ‘main’:
/home/geremy/CLionProjects/BunyEngine/cmake-build-debug-coverage/CMakeFiles/CMakeTmp/CheckSymbolExists.c:14:19: error: ‘_stricmp’ undeclared (first use in this function); did you mean ‘strncmp’?
   14 |   return ((int*)(&_stricmp))[argc];
      |                   ^~~~~~~~
      |                   strncmp
/home/geremy/CLionProjects/BunyEngine/cmake-build-debug-coverage/CMakeFiles/CMakeTmp/CheckSymbolExists.c:14:19: note: each undeclared identifier is reported only once for each function it appears in
make[1]: *** [CMakeFiles/cmTC_5d88d.dir/build.make:85: CMakeFiles/cmTC_5d88d.dir/CheckSymbolExists.c.o] Ошибка 1
make[1]: выход из каталога «/home/geremy/CLionProjects/BunyEngine/cmake-build-debug-coverage/CMakeFiles/CMakeTmp»
make: *** [Makefile:140: cmTC_5d88d/fast] Ошибка 2


File /home/geremy/CLionProjects/BunyEngine/cmake-build-debug-coverage/CMakeFiles/CMakeTmp/CheckSymbolExists.c:
/* */
#include <stddef.h>
#include <stdarg.h>
#include <stdlib.h>
#include <string.h>
#include <stdio.h>
#include <wchar.h>
#include <float.h>

int main(int argc, char** argv)
{
  (void)argv;
#ifndef _stricmp
  return ((int*)(&_stricmp))[argc];
#else
  (void)argc;
  return 0;
#endif
}
Determining if the _strnicmp exist failed with the following output:
Change Dir: /home/geremy/CLionProjects/BunyEngine/cmake-build-debug-coverage/CMakeFiles/CMakeTmp

Run Build Command(s):/usr/bin/make cmTC_37929/fast && /usr/bin/make  -f CMakeFiles/cmTC_37929.dir/build.make CMakeFiles/cmTC_37929.dir/build
make[1]: вход в каталог «/home/geremy/CLionProjects/BunyEngine/cmake-build-debug-coverage/CMakeFiles/CMakeTmp»
Building C object CMakeFiles/cmTC_37929.dir/CheckSymbolExists.c.o
/usr/bin/cc   --coverage -idirafter "/home/geremy/CLionProjects/BunyEngine/libs/SDL2/src/video/khronos"  -o CMakeFiles/cmTC_37929.dir/CheckSymbolExists.c.o -c /home/geremy/CLionProjects/BunyEngine/cmake-build-debug-coverage/CMakeFiles/CMakeTmp/CheckSymbolExists.c
/home/geremy/CLionProjects/BunyEngine/cmake-build-debug-coverage/CMakeFiles/CMakeTmp/CheckSymbolExists.c: In function ‘main’:
/home/geremy/CLionProjects/BunyEngine/cmake-build-debug-coverage/CMakeFiles/CMakeTmp/CheckSymbolExists.c:14:19: error: ‘_strnicmp’ undeclared (first use in this function); did you mean ‘strncmp’?
   14 |   return ((int*)(&_strnicmp))[argc];
      |                   ^~~~~~~~~
      |                   strncmp
/home/geremy/CLionProjects/BunyEngine/cmake-build-debug-coverage/CMakeFiles/CMakeTmp/CheckSymbolExists.c:14:19: note: each undeclared identifier is reported only once for each function it appears in
make[1]: *** [CMakeFiles/cmTC_37929.dir/build.make:85: CMakeFiles/cmTC_37929.dir/CheckSymbolExists.c.o] Ошибка 1
make[1]: выход из каталога «/home/geremy/CLionProjects/BunyEngine/cmake-build-debug-coverage/CMakeFiles/CMakeTmp»
make: *** [Makefile:140: cmTC_37929/fast] Ошибка 2


File /home/geremy/CLionProjects/BunyEngine/cmake-build-debug-coverage/CMakeFiles/CMakeTmp/CheckSymbolExists.c:
/* */
#include <stddef.h>
#include <stdarg.h>
#include <stdlib.h>
#include <string.h>
#include <stdio.h>
#include <wchar.h>
#include <float.h>

int main(int argc, char** argv)
{
  (void)argv;
#ifndef _strnicmp
  return ((int*)(&_strnicmp))[argc];
#else
  (void)argc;
  return 0;
#endif
}
Determining if the wcslcat exist failed with the following output:
Change Dir: /home/geremy/CLionProjects/BunyEngine/cmake-build-debug-coverage/CMakeFiles/CMakeTmp

Run Build Command(s):/usr/bin/make cmTC_c0e94/fast && /usr/bin/make  -f CMakeFiles/cmTC_c0e94.dir/build.make CMakeFiles/cmTC_c0e94.dir/build
make[1]: вход в каталог «/home/geremy/CLionProjects/BunyEngine/cmake-build-debug-coverage/CMakeFiles/CMakeTmp»
Building C object CMakeFiles/cmTC_c0e94.dir/CheckSymbolExists.c.o
/usr/bin/cc   --coverage -idirafter "/home/geremy/CLionProjects/BunyEngine/libs/SDL2/src/video/khronos"  -o CMakeFiles/cmTC_c0e94.dir/CheckSymbolExists.c.o -c /home/geremy/CLionProjects/BunyEngine/cmake-build-debug-coverage/CMakeFiles/CMakeTmp/CheckSymbolExists.c
/home/geremy/CLionProjects/BunyEngine/cmake-build-debug-coverage/CMakeFiles/CMakeTmp/CheckSymbolExists.c: In function ‘main’:
/home/geremy/CLionProjects/BunyEngine/cmake-build-debug-coverage/CMakeFiles/CMakeTmp/CheckSymbolExists.c:14:19: error: ‘wcslcat’ undeclared (first use in this function); did you mean ‘wcsncat’?
   14 |   return ((int*)(&wcslcat))[argc];
      |                   ^~~~~~~
      |                   wcsncat
/home/geremy/CLionProjects/BunyEngine/cmake-build-debug-coverage/CMakeFiles/CMakeTmp/CheckSymbolExists.c:14:19: note: each undeclared identifier is reported only once for each function it appears in
make[1]: *** [CMakeFiles/cmTC_c0e94.dir/build.make:85: CMakeFiles/cmTC_c0e94.dir/CheckSymbolExists.c.o] Ошибка 1
make[1]: выход из каталога «/home/geremy/CLionProjects/BunyEngine/cmake-build-debug-coverage/CMakeFiles/CMakeTmp»
make: *** [Makefile:140: cmTC_c0e94/fast] Ошибка 2


File /home/geremy/CLionProjects/BunyEngine/cmake-build-debug-coverage/CMakeFiles/CMakeTmp/CheckSymbolExists.c:
/* */
#include <stddef.h>
#include <stdarg.h>
#include <stdlib.h>
#include <string.h>
#include <stdio.h>
#include <wchar.h>
#include <float.h>

int main(int argc, char** argv)
{
  (void)argv;
#ifndef wcslcat
  return ((int*)(&wcslcat))[argc];
#else
  (void)argc;
  return 0;
#endif
}
Determining if the wcslcpy exist failed with the following output:
Change Dir: /home/geremy/CLionProjects/BunyEngine/cmake-build-debug-coverage/CMakeFiles/CMakeTmp

Run Build Command(s):/usr/bin/make cmTC_718c3/fast && /usr/bin/make  -f CMakeFiles/cmTC_718c3.dir/build.make CMakeFiles/cmTC_718c3.dir/build
make[1]: вход в каталог «/home/geremy/CLionProjects/BunyEngine/cmake-build-debug-coverage/CMakeFiles/CMakeTmp»
Building C object CMakeFiles/cmTC_718c3.dir/CheckSymbolExists.c.o
/usr/bin/cc   --coverage -idirafter "/home/geremy/CLionProjects/BunyEngine/libs/SDL2/src/video/khronos"  -o CMakeFiles/cmTC_718c3.dir/CheckSymbolExists.c.o -c /home/geremy/CLionProjects/BunyEngine/cmake-build-debug-coverage/CMakeFiles/CMakeTmp/CheckSymbolExists.c
/home/geremy/CLionProjects/BunyEngine/cmake-build-debug-coverage/CMakeFiles/CMakeTmp/CheckSymbolExists.c: In function ‘main’:
/home/geremy/CLionProjects/BunyEngine/cmake-build-debug-coverage/CMakeFiles/CMakeTmp/CheckSymbolExists.c:14:19: error: ‘wcslcpy’ undeclared (first use in this function); did you mean ‘wcsncpy’?
   14 |   return ((int*)(&wcslcpy))[argc];
      |                   ^~~~~~~
      |                   wcsncpy
/home/geremy/CLionProjects/BunyEngine/cmake-build-debug-coverage/CMakeFiles/CMakeTmp/CheckSymbolExists.c:14:19: note: each undeclared identifier is reported only once for each function it appears in
make[1]: *** [CMakeFiles/cmTC_718c3.dir/build.make:85: CMakeFiles/cmTC_718c3.dir/CheckSymbolExists.c.o] Ошибка 1
make[1]: выход из каталога «/home/geremy/CLionProjects/BunyEngine/cmake-build-debug-coverage/CMakeFiles/CMakeTmp»
make: *** [Makefile:140: cmTC_718c3/fast] Ошибка 2


File /home/geremy/CLionProjects/BunyEngine/cmake-build-debug-coverage/CMakeFiles/CMakeTmp/CheckSymbolExists.c:
/* */
#include <stddef.h>
#include <stdarg.h>
#include <stdlib.h>
#include <string.h>
#include <stdio.h>
#include <wchar.h>
#include <float.h>

int main(int argc, char** argv)
{
  (void)argv;
#ifndef wcslcpy
  return ((int*)(&wcslcpy))[argc];
#else
  (void)argc;
  return 0;
#endif
}
Determining if the _wcsicmp exist failed with the following output:
Change Dir: /home/geremy/CLionProjects/BunyEngine/cmake-build-debug-coverage/CMakeFiles/CMakeTmp

Run Build Command(s):/usr/bin/make cmTC_0bef8/fast && /usr/bin/make  -f CMakeFiles/cmTC_0bef8.dir/build.make CMakeFiles/cmTC_0bef8.dir/build
make[1]: вход в каталог «/home/geremy/CLionProjects/BunyEngine/cmake-build-debug-coverage/CMakeFiles/CMakeTmp»
Building C object CMakeFiles/cmTC_0bef8.dir/CheckSymbolExists.c.o
/usr/bin/cc   --coverage -idirafter "/home/geremy/CLionProjects/BunyEngine/libs/SDL2/src/video/khronos"  -o CMakeFiles/cmTC_0bef8.dir/CheckSymbolExists.c.o -c /home/geremy/CLionProjects/BunyEngine/cmake-build-debug-coverage/CMakeFiles/CMakeTmp/CheckSymbolExists.c
/home/geremy/CLionProjects/BunyEngine/cmake-build-debug-coverage/CMakeFiles/CMakeTmp/CheckSymbolExists.c: In function ‘main’:
/home/geremy/CLionProjects/BunyEngine/cmake-build-debug-coverage/CMakeFiles/CMakeTmp/CheckSymbolExists.c:14:19: error: ‘_wcsicmp’ undeclared (first use in this function); did you mean ‘wcsncmp’?
   14 |   return ((int*)(&_wcsicmp))[argc];
      |                   ^~~~~~~~
      |                   wcsncmp
/home/geremy/CLionProjects/BunyEngine/cmake-build-debug-coverage/CMakeFiles/CMakeTmp/CheckSymbolExists.c:14:19: note: each undeclared identifier is reported only once for each function it appears in
make[1]: *** [CMakeFiles/cmTC_0bef8.dir/build.make:85: CMakeFiles/cmTC_0bef8.dir/CheckSymbolExists.c.o] Ошибка 1
make[1]: выход из каталога «/home/geremy/CLionProjects/BunyEngine/cmake-build-debug-coverage/CMakeFiles/CMakeTmp»
make: *** [Makefile:140: cmTC_0bef8/fast] Ошибка 2


File /home/geremy/CLionProjects/BunyEngine/cmake-build-debug-coverage/CMakeFiles/CMakeTmp/CheckSymbolExists.c:
/* */
#include <stddef.h>
#include <stdarg.h>
#include <stdlib.h>
#include <string.h>
#include <stdio.h>
#include <wchar.h>
#include <float.h>

int main(int argc, char** argv)
{
  (void)argv;
#ifndef _wcsicmp
  return ((int*)(&_wcsicmp))[argc];
#else
  (void)argc;
  return 0;
#endif
}
Determining if the _wcsnicmp exist failed with the following output:
Change Dir: /home/geremy/CLionProjects/BunyEngine/cmake-build-debug-coverage/CMakeFiles/CMakeTmp

Run Build Command(s):/usr/bin/make cmTC_697a1/fast && /usr/bin/make  -f CMakeFiles/cmTC_697a1.dir/build.make CMakeFiles/cmTC_697a1.dir/build
make[1]: вход в каталог «/home/geremy/CLionProjects/BunyEngine/cmake-build-debug-coverage/CMakeFiles/CMakeTmp»
Building C object CMakeFiles/cmTC_697a1.dir/CheckSymbolExists.c.o
/usr/bin/cc   --coverage -idirafter "/home/geremy/CLionProjects/BunyEngine/libs/SDL2/src/video/khronos"  -o CMakeFiles/cmTC_697a1.dir/CheckSymbolExists.c.o -c /home/geremy/CLionProjects/BunyEngine/cmake-build-debug-coverage/CMakeFiles/CMakeTmp/CheckSymbolExists.c
/home/geremy/CLionProjects/BunyEngine/cmake-build-debug-coverage/CMakeFiles/CMakeTmp/CheckSymbolExists.c: In function ‘main’:
/home/geremy/CLionProjects/BunyEngine/cmake-build-debug-coverage/CMakeFiles/CMakeTmp/CheckSymbolExists.c:14:19: error: ‘_wcsnicmp’ undeclared (first use in this function); did you mean ‘wcsncmp’?
   14 |   return ((int*)(&_wcsnicmp))[argc];
      |                   ^~~~~~~~~
      |                   wcsncmp
/home/geremy/CLionProjects/BunyEngine/cmake-build-debug-coverage/CMakeFiles/CMakeTmp/CheckSymbolExists.c:14:19: note: each undeclared identifier is reported only once for each function it appears in
make[1]: *** [CMakeFiles/cmTC_697a1.dir/build.make:85: CMakeFiles/cmTC_697a1.dir/CheckSymbolExists.c.o] Ошибка 1
make[1]: выход из каталога «/home/geremy/CLionProjects/BunyEngine/cmake-build-debug-coverage/CMakeFiles/CMakeTmp»
make: *** [Makefile:140: cmTC_697a1/fast] Ошибка 2


File /home/geremy/CLionProjects/BunyEngine/cmake-build-debug-coverage/CMakeFiles/CMakeTmp/CheckSymbolExists.c:
/* */
#include <stddef.h>
#include <stdarg.h>
#include <stdlib.h>
#include <string.h>
#include <stdio.h>
#include <wchar.h>
#include <float.h>

int main(int argc, char** argv)
{
  (void)argv;
#ifndef _wcsnicmp
  return ((int*)(&_wcsnicmp))[argc];
#else
  (void)argc;
  return 0;
#endif
}
Determining if the fopen64 exist failed with the following output:
Change Dir: /home/geremy/CLionProjects/BunyEngine/cmake-build-debug-coverage/CMakeFiles/CMakeTmp

Run Build Command(s):/usr/bin/make cmTC_d8d7f/fast && /usr/bin/make  -f CMakeFiles/cmTC_d8d7f.dir/build.make CMakeFiles/cmTC_d8d7f.dir/build
make[1]: вход в каталог «/home/geremy/CLionProjects/BunyEngine/cmake-build-debug-coverage/CMakeFiles/CMakeTmp»
Building C object CMakeFiles/cmTC_d8d7f.dir/CheckSymbolExists.c.o
/usr/bin/cc   --coverage -idirafter "/home/geremy/CLionProjects/BunyEngine/libs/SDL2/src/video/khronos"  -o CMakeFiles/cmTC_d8d7f.dir/CheckSymbolExists.c.o -c /home/geremy/CLionProjects/BunyEngine/cmake-build-debug-coverage/CMakeFiles/CMakeTmp/CheckSymbolExists.c
/home/geremy/CLionProjects/BunyEngine/cmake-build-debug-coverage/CMakeFiles/CMakeTmp/CheckSymbolExists.c: In function ‘main’:
/home/geremy/CLionProjects/BunyEngine/cmake-build-debug-coverage/CMakeFiles/CMakeTmp/CheckSymbolExists.c:14:19: error: ‘fopen64’ undeclared (first use in this function); did you mean ‘fopen’?
   14 |   return ((int*)(&fopen64))[argc];
      |                   ^~~~~~~
      |                   fopen
/home/geremy/CLionProjects/BunyEngine/cmake-build-debug-coverage/CMakeFiles/CMakeTmp/CheckSymbolExists.c:14:19: note: each undeclared identifier is reported only once for each function it appears in
make[1]: *** [CMakeFiles/cmTC_d8d7f.dir/build.make:85: CMakeFiles/cmTC_d8d7f.dir/CheckSymbolExists.c.o] Ошибка 1
make[1]: выход из каталога «/home/geremy/CLionProjects/BunyEngine/cmake-build-debug-coverage/CMakeFiles/CMakeTmp»
make: *** [Makefile:140: cmTC_d8d7f/fast] Ошибка 2


File /home/geremy/CLionProjects/BunyEngine/cmake-build-debug-coverage/CMakeFiles/CMakeTmp/CheckSymbolExists.c:
/* */
#include <stddef.h>
#include <stdarg.h>
#include <stdlib.h>
#include <string.h>
#include <stdio.h>
#include <wchar.h>
#include <float.h>

int main(int argc, char** argv)
{
  (void)argv;
#ifndef fopen64
  return ((int*)(&fopen64))[argc];
#else
  (void)argc;
  return 0;
#endif
}
Determining if the fseeko64 exist failed with the following output:
Change Dir: /home/geremy/CLionProjects/BunyEngine/cmake-build-debug-coverage/CMakeFiles/CMakeTmp

Run Build Command(s):/usr/bin/make cmTC_49373/fast && /usr/bin/make  -f CMakeFiles/cmTC_49373.dir/build.make CMakeFiles/cmTC_49373.dir/build
make[1]: вход в каталог «/home/geremy/CLionProjects/BunyEngine/cmake-build-debug-coverage/CMakeFiles/CMakeTmp»
Building C object CMakeFiles/cmTC_49373.dir/CheckSymbolExists.c.o
/usr/bin/cc   --coverage -idirafter "/home/geremy/CLionProjects/BunyEngine/libs/SDL2/src/video/khronos"  -o CMakeFiles/cmTC_49373.dir/CheckSymbolExists.c.o -c /home/geremy/CLionProjects/BunyEngine/cmake-build-debug-coverage/CMakeFiles/CMakeTmp/CheckSymbolExists.c
/home/geremy/CLionProjects/BunyEngine/cmake-build-debug-coverage/CMakeFiles/CMakeTmp/CheckSymbolExists.c: In function ‘main’:
/home/geremy/CLionProjects/BunyEngine/cmake-build-debug-coverage/CMakeFiles/CMakeTmp/CheckSymbolExists.c:14:19: error: ‘fseeko64’ undeclared (first use in this function); did you mean ‘fseeko’?
   14 |   return ((int*)(&fseeko64))[argc];
      |                   ^~~~~~~~
      |                   fseeko
/home/geremy/CLionProjects/BunyEngine/cmake-build-debug-coverage/CMakeFiles/CMakeTmp/CheckSymbolExists.c:14:19: note: each undeclared identifier is reported only once for each function it appears in
make[1]: *** [CMakeFiles/cmTC_49373.dir/build.make:85: CMakeFiles/cmTC_49373.dir/CheckSymbolExists.c.o] Ошибка 1
make[1]: выход из каталога «/home/geremy/CLionProjects/BunyEngine/cmake-build-debug-coverage/CMakeFiles/CMakeTmp»
make: *** [Makefile:140: cmTC_49373/fast] Ошибка 2


File /home/geremy/CLionProjects/BunyEngine/cmake-build-debug-coverage/CMakeFiles/CMakeTmp/CheckSymbolExists.c:
/* */
#include <stddef.h>
#include <stdarg.h>
#include <stdlib.h>
#include <string.h>
#include <stdio.h>
#include <wchar.h>
#include <float.h>

int main(int argc, char** argv)
{
  (void)argv;
#ifndef fseeko64
  return ((int*)(&fseeko64))[argc];
#else
  (void)argc;
  return 0;
#endif
}
Determining if the sysctlbyname exist failed with the following output:
Change Dir: /home/geremy/CLionProjects/BunyEngine/cmake-build-debug-coverage/CMakeFiles/CMakeTmp

Run Build Command(s):/usr/bin/make cmTC_1fc44/fast && /usr/bin/make  -f CMakeFiles/cmTC_1fc44.dir/build.make CMakeFiles/cmTC_1fc44.dir/build
make[1]: вход в каталог «/home/geremy/CLionProjects/BunyEngine/cmake-build-debug-coverage/CMakeFiles/CMakeTmp»
Building C object CMakeFiles/cmTC_1fc44.dir/CheckSymbolExists.c.o
/usr/bin/cc   --coverage -idirafter "/home/geremy/CLionProjects/BunyEngine/libs/SDL2/src/video/khronos"  -o CMakeFiles/cmTC_1fc44.dir/CheckSymbolExists.c.o -c /home/geremy/CLionProjects/BunyEngine/cmake-build-debug-coverage/CMakeFiles/CMakeTmp/CheckSymbolExists.c
In file included from /home/geremy/CLionProjects/BunyEngine/cmake-build-debug-coverage/CMakeFiles/CMakeTmp/CheckSymbolExists.c:3:
/usr/include/x86_64-linux-gnu/sys/sysctl.h:21:2: warning: #warning "The <sys/sysctl.h> header is deprecated and will be removed." [-Wcpp]
   21 | #warning "The <sys/sysctl.h> header is deprecated and will be removed."
      |  ^~~~~~~
/home/geremy/CLionProjects/BunyEngine/cmake-build-debug-coverage/CMakeFiles/CMakeTmp/CheckSymbolExists.c: In function ‘main’:
/home/geremy/CLionProjects/BunyEngine/cmake-build-debug-coverage/CMakeFiles/CMakeTmp/CheckSymbolExists.c:9:19: error: ‘sysctlbyname’ undeclared (first use in this function)
    9 |   return ((int*)(&sysctlbyname))[argc];
      |                   ^~~~~~~~~~~~
/home/geremy/CLionProjects/BunyEngine/cmake-build-debug-coverage/CMakeFiles/CMakeTmp/CheckSymbolExists.c:9:19: note: each undeclared identifier is reported only once for each function it appears in
make[1]: *** [CMakeFiles/cmTC_1fc44.dir/build.make:85: CMakeFiles/cmTC_1fc44.dir/CheckSymbolExists.c.o] Ошибка 1
make[1]: выход из каталога «/home/geremy/CLionProjects/BunyEngine/cmake-build-debug-coverage/CMakeFiles/CMakeTmp»
make: *** [Makefile:140: cmTC_1fc44/fast] Ошибка 2


File /home/geremy/CLionProjects/BunyEngine/cmake-build-debug-coverage/CMakeFiles/CMakeTmp/CheckSymbolExists.c:
/* */
#include <sys/types.h>
#include <sys/sysctl.h>

int main(int argc, char** argv)
{
  (void)argv;
#ifndef sysctlbyname
  return ((int*)(&sysctlbyname))[argc];
#else
  (void)argc;
  return 0;
#endif
}
Determining if the elf_aux_info exist failed with the following output:
Change Dir: /home/geremy/CLionProjects/BunyEngine/cmake-build-debug-coverage/CMakeFiles/CMakeTmp

Run Build Command(s):/usr/bin/make cmTC_c907b/fast && /usr/bin/make  -f CMakeFiles/cmTC_c907b.dir/build.make CMakeFiles/cmTC_c907b.dir/build
make[1]: вход в каталог «/home/geremy/CLionProjects/BunyEngine/cmake-build-debug-coverage/CMakeFiles/CMakeTmp»
Building C object CMakeFiles/cmTC_c907b.dir/CheckSymbolExists.c.o
/usr/bin/cc   --coverage -idirafter "/home/geremy/CLionProjects/BunyEngine/libs/SDL2/src/video/khronos"  -o CMakeFiles/cmTC_c907b.dir/CheckSymbolExists.c.o -c /home/geremy/CLionProjects/BunyEngine/cmake-build-debug-coverage/CMakeFiles/CMakeTmp/CheckSymbolExists.c
/home/geremy/CLionProjects/BunyEngine/cmake-build-debug-coverage/CMakeFiles/CMakeTmp/CheckSymbolExists.c: In function ‘main’:
/home/geremy/CLionProjects/BunyEngine/cmake-build-debug-coverage/CMakeFiles/CMakeTmp/CheckSymbolExists.c:8:19: error: ‘elf_aux_info’ undeclared (first use in this function)
    8 |   return ((int*)(&elf_aux_info))[argc];
      |                   ^~~~~~~~~~~~
/home/geremy/CLionProjects/BunyEngine/cmake-build-debug-coverage/CMakeFiles/CMakeTmp/CheckSymbolExists.c:8:19: note: each undeclared identifier is reported only once for each function it appears in
make[1]: *** [CMakeFiles/cmTC_c907b.dir/build.make:85: CMakeFiles/cmTC_c907b.dir/CheckSymbolExists.c.o] Ошибка 1
make[1]: выход из каталога «/home/geremy/CLionProjects/BunyEngine/cmake-build-debug-coverage/CMakeFiles/CMakeTmp»
make: *** [Makefile:140: cmTC_c907b/fast] Ошибка 2


File /home/geremy/CLionProjects/BunyEngine/cmake-build-debug-coverage/CMakeFiles/CMakeTmp/CheckSymbolExists.c:
/* */
#include <sys/auxv.h>

int main(int argc, char** argv)
{
  (void)argv;
#ifndef elf_aux_info
  return ((int*)(&elf_aux_info))[argc];
#else
  (void)argc;
  return 0;
#endif
}
Determining if the function iconv_open exists in the iconv failed with the following output:
Change Dir: /home/geremy/CLionProjects/BunyEngine/cmake-build-debug-coverage/CMakeFiles/CMakeTmp

Run Build Command(s):/usr/bin/make cmTC_bd14c/fast && /usr/bin/make  -f CMakeFiles/cmTC_bd14c.dir/build.make CMakeFiles/cmTC_bd14c.dir/build
make[1]: вход в каталог «/home/geremy/CLionProjects/BunyEngine/cmake-build-debug-coverage/CMakeFiles/CMakeTmp»
Building C object CMakeFiles/cmTC_bd14c.dir/CheckFunctionExists.c.o
/usr/bin/cc   --coverage -idirafter "/home/geremy/CLionProjects/BunyEngine/libs/SDL2/src/video/khronos" -DCHECK_FUNCTION_EXISTS=iconv_open -o CMakeFiles/cmTC_bd14c.dir/CheckFunctionExists.c.o -c /opt/clion-2021.1.1/bin/cmake/linux/share/cmake-3.19/Modules/CheckFunctionExists.c
Linking C executable cmTC_bd14c
/opt/clion-2021.1.1/bin/cmake/linux/bin/cmake -E cmake_link_script CMakeFiles/cmTC_bd14c.dir/link.txt --verbose=1
/usr/bin/cc --coverage -idirafter "/home/geremy/CLionProjects/BunyEngine/libs/SDL2/src/video/khronos" -DCHECK_FUNCTION_EXISTS=iconv_open -rdynamic CMakeFiles/cmTC_bd14c.dir/CheckFunctionExists.c.o -o cmTC_bd14c  -liconv 
/usr/bin/ld: невозможно найти -liconv
collect2: error: ld returned 1 exit status
make[1]: *** [CMakeFiles/cmTC_bd14c.dir/build.make:106: cmTC_bd14c] Ошибка 1
make[1]: выход из каталога «/home/geremy/CLionProjects/BunyEngine/cmake-build-debug-coverage/CMakeFiles/CMakeTmp»
make: *** [Makefile:140: cmTC_bd14c/fast] Ошибка 2



Determining if the alloca exist failed with the following output:
Change Dir: /home/geremy/CLionProjects/BunyEngine/cmake-build-debug-coverage/CMakeFiles/CMakeTmp

Run Build Command(s):/usr/bin/make cmTC_b767f/fast && /usr/bin/make  -f CMakeFiles/cmTC_b767f.dir/build.make CMakeFiles/cmTC_b767f.dir/build
make[1]: вход в каталог «/home/geremy/CLionProjects/BunyEngine/cmake-build-debug-coverage/CMakeFiles/CMakeTmp»
Building C object CMakeFiles/cmTC_b767f.dir/CheckSymbolExists.c.o
/usr/bin/cc   --coverage -idirafter "/home/geremy/CLionProjects/BunyEngine/libs/SDL2/src/video/khronos"  -o CMakeFiles/cmTC_b767f.dir/CheckSymbolExists.c.o -c /home/geremy/CLionProjects/BunyEngine/cmake-build-debug-coverage/CMakeFiles/CMakeTmp/CheckSymbolExists.c
/home/geremy/CLionProjects/BunyEngine/cmake-build-debug-coverage/CMakeFiles/CMakeTmp/CheckSymbolExists.c: In function ‘main’:
/home/geremy/CLionProjects/BunyEngine/cmake-build-debug-coverage/CMakeFiles/CMakeTmp/CheckSymbolExists.c:8:19: error: ‘alloca’ undeclared (first use in this function); did you mean ‘valloc’?
    8 |   return ((int*)(&alloca))[argc];
      |                   ^~~~~~
      |                   valloc
/home/geremy/CLionProjects/BunyEngine/cmake-build-debug-coverage/CMakeFiles/CMakeTmp/CheckSymbolExists.c:8:19: note: each undeclared identifier is reported only once for each function it appears in
make[1]: *** [CMakeFiles/cmTC_b767f.dir/build.make:85: CMakeFiles/cmTC_b767f.dir/CheckSymbolExists.c.o] Ошибка 1
make[1]: выход из каталога «/home/geremy/CLionProjects/BunyEngine/cmake-build-debug-coverage/CMakeFiles/CMakeTmp»
make: *** [Makefile:140: cmTC_b767f/fast] Ошибка 2


File /home/geremy/CLionProjects/BunyEngine/cmake-build-debug-coverage/CMakeFiles/CMakeTmp/CheckSymbolExists.c:
/* */
#include <malloc.h>

int main(int argc, char** argv)
{
  (void)argv;
#ifndef alloca
  return ((int*)(&alloca))[argc];
#else
  (void)argc;
  return 0;
#endif
}
Determining if the dlopen exist failed with the following output:
Change Dir: /home/geremy/CLionProjects/BunyEngine/cmake-build-debug-coverage/CMakeFiles/CMakeTmp

Run Build Command(s):/usr/bin/make cmTC_92a11/fast && /usr/bin/make  -f CMakeFiles/cmTC_92a11.dir/build.make CMakeFiles/cmTC_92a11.dir/build
make[1]: вход в каталог «/home/geremy/CLionProjects/BunyEngine/cmake-build-debug-coverage/CMakeFiles/CMakeTmp»
Building C object CMakeFiles/cmTC_92a11.dir/CheckSymbolExists.c.o
/usr/bin/cc   --coverage -idirafter "/home/geremy/CLionProjects/BunyEngine/libs/SDL2/src/video/khronos"  -o CMakeFiles/cmTC_92a11.dir/CheckSymbolExists.c.o -c /home/geremy/CLionProjects/BunyEngine/cmake-build-debug-coverage/CMakeFiles/CMakeTmp/CheckSymbolExists.c
Linking C executable cmTC_92a11
/opt/clion-2021.1.1/bin/cmake/linux/bin/cmake -E cmake_link_script CMakeFiles/cmTC_92a11.dir/link.txt --verbose=1
/usr/bin/cc --coverage -idirafter "/home/geremy/CLionProjects/BunyEngine/libs/SDL2/src/video/khronos"  -rdynamic CMakeFiles/cmTC_92a11.dir/CheckSymbolExists.c.o -o cmTC_92a11 
/usr/bin/ld: CMakeFiles/cmTC_92a11.dir/CheckSymbolExists.c.o: в функции «main»:
CheckSymbolExists.c:(.text+0x31): неопределённая ссылка на «dlopen»
collect2: error: ld returned 1 exit status
make[1]: *** [CMakeFiles/cmTC_92a11.dir/build.make:106: cmTC_92a11] Ошибка 1
make[1]: выход из каталога «/home/geremy/CLionProjects/BunyEngine/cmake-build-debug-coverage/CMakeFiles/CMakeTmp»
make: *** [Makefile:140: cmTC_92a11/fast] Ошибка 2


File /home/geremy/CLionProjects/BunyEngine/cmake-build-debug-coverage/CMakeFiles/CMakeTmp/CheckSymbolExists.c:
/* */
#include <dlfcn.h>

int main(int argc, char** argv)
{
  (void)argv;
#ifndef dlopen
  return ((int*)(&dlopen))[argc];
#else
  (void)argc;
  return 0;
#endif
}
Determining if the include file audio/audiolib.h exists failed with the following output:
Change Dir: /home/geremy/CLionProjects/BunyEngine/cmake-build-debug-coverage/CMakeFiles/CMakeTmp

Run Build Command(s):/usr/bin/make cmTC_f8a79/fast && /usr/bin/make  -f CMakeFiles/cmTC_f8a79.dir/build.make CMakeFiles/cmTC_f8a79.dir/build
make[1]: вход в каталог «/home/geremy/CLionProjects/BunyEngine/cmake-build-debug-coverage/CMakeFiles/CMakeTmp»
Building C object CMakeFiles/cmTC_f8a79.dir/CheckIncludeFile.c.o
/usr/bin/cc   --coverage -idirafter "/home/geremy/CLionProjects/BunyEngine/libs/SDL2/src/video/khronos"  -o CMakeFiles/cmTC_f8a79.dir/CheckIncludeFile.c.o -c /home/geremy/CLionProjects/BunyEngine/cmake-build-debug-coverage/CMakeFiles/CMakeTmp/CheckIncludeFile.c
/home/geremy/CLionProjects/BunyEngine/cmake-build-debug-coverage/CMakeFiles/CMakeTmp/CheckIncludeFile.c:1:10: fatal error: audio/audiolib.h: Нет такого файла или каталога
    1 | #include <audio/audiolib.h>
      |          ^~~~~~~~~~~~~~~~~~
compilation terminated.
make[1]: *** [CMakeFiles/cmTC_f8a79.dir/build.make:85: CMakeFiles/cmTC_f8a79.dir/CheckIncludeFile.c.o] Ошибка 1
make[1]: выход из каталога «/home/geremy/CLionProjects/BunyEngine/cmake-build-debug-coverage/CMakeFiles/CMakeTmp»
make: *** [Makefile:140: cmTC_f8a79/fast] Ошибка 2



Determining if the include file samplerate.h exists failed with the following output:
Change Dir: /home/geremy/CLionProjects/BunyEngine/cmake-build-debug-coverage/CMakeFiles/CMakeTmp

Run Build Command(s):/usr/bin/make cmTC_352a8/fast && /usr/bin/make  -f CMakeFiles/cmTC_352a8.dir/build.make CMakeFiles/cmTC_352a8.dir/build
make[1]: вход в каталог «/home/geremy/CLionProjects/BunyEngine/cmake-build-debug-coverage/CMakeFiles/CMakeTmp»
Building C object CMakeFiles/cmTC_352a8.dir/CheckIncludeFile.c.o
/usr/bin/cc   --coverage -idirafter "/home/geremy/CLionProjects/BunyEngine/libs/SDL2/src/video/khronos"  -o CMakeFiles/cmTC_352a8.dir/CheckIncludeFile.c.o -c /home/geremy/CLionProjects/BunyEngine/cmake-build-debug-coverage/CMakeFiles/CMakeTmp/CheckIncludeFile.c
/home/geremy/CLionProjects/BunyEngine/cmake-build-debug-coverage/CMakeFiles/CMakeTmp/CheckIncludeFile.c:1:10: fatal error: samplerate.h: Нет такого файла или каталога
    1 | #include <samplerate.h>
      |          ^~~~~~~~~~~~~~
compilation terminated.
make[1]: *** [CMakeFiles/cmTC_352a8.dir/build.make:85: CMakeFiles/cmTC_352a8.dir/CheckIncludeFile.c.o] Ошибка 1
make[1]: выход из каталога «/home/geremy/CLionProjects/BunyEngine/cmake-build-debug-coverage/CMakeFiles/CMakeTmp»
make: *** [Makefile:140: cmTC_352a8/fast] Ошибка 2



Performing C SOURCE FILE Test HAVE_VIDEO_RPI failed with the following output:
Change Dir: /home/geremy/CLionProjects/BunyEngine/cmake-build-debug-coverage/CMakeFiles/CMakeTmp

Run Build Command(s):/usr/bin/make cmTC_21aed/fast && /usr/bin/make  -f CMakeFiles/cmTC_21aed.dir/build.make CMakeFiles/cmTC_21aed.dir/build
make[1]: вход в каталог «/home/geremy/CLionProjects/BunyEngine/cmake-build-debug-coverage/CMakeFiles/CMakeTmp»
Building C object CMakeFiles/cmTC_21aed.dir/src.c.o
/usr/bin/cc -DHAVE_VIDEO_RPI  --coverage -idirafter "/home/geremy/CLionProjects/BunyEngine/libs/SDL2/src/video/khronos"  -I/opt/vc/include/interface/vmcs_host/linux/ -I/opt/vc/include/interface/vcos/pthreads -I/opt/vc/include  -L/opt/vc/lib -o CMakeFiles/cmTC_21aed.dir/src.c.o -c /home/geremy/CLionProjects/BunyEngine/cmake-build-debug-coverage/CMakeFiles/CMakeTmp/src.c
/home/geremy/CLionProjects/BunyEngine/cmake-build-debug-coverage/CMakeFiles/CMakeTmp/src.c:2:18: fatal error: bcm_host.h: Нет такого файла или каталога
    2 |         #include <bcm_host.h>
      |                  ^~~~~~~~~~~~
compilation terminated.
make[1]: *** [CMakeFiles/cmTC_21aed.dir/build.make:85: CMakeFiles/cmTC_21aed.dir/src.c.o] Ошибка 1
make[1]: выход из каталога «/home/geremy/CLionProjects/BunyEngine/cmake-build-debug-coverage/CMakeFiles/CMakeTmp»
make: *** [Makefile:140: cmTC_21aed/fast] Ошибка 2


Source file was:

        #include <bcm_host.h>
        int main(int argc, char **argv) {}
Performing C SOURCE FILE Test HAVE_VIDEO_VIVANTE_VDK failed with the following output:
Change Dir: /home/geremy/CLionProjects/BunyEngine/cmake-build-debug-coverage/CMakeFiles/CMakeTmp

Run Build Command(s):/usr/bin/make cmTC_a5b31/fast && /usr/bin/make  -f CMakeFiles/cmTC_a5b31.dir/build.make CMakeFiles/cmTC_a5b31.dir/build
make[1]: вход в каталог «/home/geremy/CLionProjects/BunyEngine/cmake-build-debug-coverage/CMakeFiles/CMakeTmp»
Building C object CMakeFiles/cmTC_a5b31.dir/src.c.o
/usr/bin/cc -DHAVE_VIDEO_VIVANTE_VDK  --coverage -idirafter "/home/geremy/CLionProjects/BunyEngine/libs/SDL2/src/video/khronos"   -o CMakeFiles/cmTC_a5b31.dir/src.c.o -c /home/geremy/CLionProjects/BunyEngine/cmake-build-debug-coverage/CMakeFiles/CMakeTmp/src.c
/home/geremy/CLionProjects/BunyEngine/cmake-build-debug-coverage/CMakeFiles/CMakeTmp/src.c:2:18: fatal error: gc_vdk.h: Нет такого файла или каталога
    2 |         #include <gc_vdk.h>
      |                  ^~~~~~~~~~
compilation terminated.
make[1]: *** [CMakeFiles/cmTC_a5b31.dir/build.make:85: CMakeFiles/cmTC_a5b31.dir/src.c.o] Ошибка 1
make[1]: выход из каталога «/home/geremy/CLionProjects/BunyEngine/cmake-build-debug-coverage/CMakeFiles/CMakeTmp»
make: *** [Makefile:140: cmTC_a5b31/fast] Ошибка 2


Source file was:

        #include <gc_vdk.h>
        int main(int argc, char** argv) {}
Performing C SOURCE FILE Test HAVE_VIDEO_VIVANTE_EGL_FB failed with the following output:
Change Dir: /home/geremy/CLionProjects/BunyEngine/cmake-build-debug-coverage/CMakeFiles/CMakeTmp

Run Build Command(s):/usr/bin/make cmTC_d5ad2/fast && /usr/bin/make  -f CMakeFiles/cmTC_d5ad2.dir/build.make CMakeFiles/cmTC_d5ad2.dir/build
make[1]: вход в каталог «/home/geremy/CLionProjects/BunyEngine/cmake-build-debug-coverage/CMakeFiles/CMakeTmp»
Building C object CMakeFiles/cmTC_d5ad2.dir/src.c.o
/usr/bin/cc -DHAVE_VIDEO_VIVANTE_EGL_FB  --coverage -idirafter "/home/geremy/CLionProjects/BunyEngine/libs/SDL2/src/video/khronos"   -o CMakeFiles/cmTC_d5ad2.dir/src.c.o -c /home/geremy/CLionProjects/BunyEngine/cmake-build-debug-coverage/CMakeFiles/CMakeTmp/src.c
/home/geremy/CLionProjects/BunyEngine/cmake-build-debug-coverage/CMakeFiles/CMakeTmp/src.c:4:18: fatal error: EGL/eglvivante.h: Нет такого файла или каталога
    4 |         #include <EGL/eglvivante.h>
      |                  ^~~~~~~~~~~~~~~~~~
compilation terminated.
make[1]: *** [CMakeFiles/cmTC_d5ad2.dir/build.make:85: CMakeFiles/cmTC_d5ad2.dir/src.c.o] Ошибка 1
make[1]: выход из каталога «/home/geremy/CLionProjects/BunyEngine/cmake-build-debug-coverage/CMakeFiles/CMakeTmp»
make: *** [Makefile:140: cmTC_d5ad2/fast] Ошибка 2


Source file was:

        #define LINUX
        #define EGL_API_FB
        #include <EGL/eglvivante.h>
        int main(int argc, char** argv) {}
Determining if files pthread_np.h exist failed with the following output:
Change Dir: /home/geremy/CLionProjects/BunyEngine/cmake-build-debug-coverage/CMakeFiles/CMakeTmp

Run Build Command(s):/usr/bin/make cmTC_785af/fast && /usr/bin/make  -f CMakeFiles/cmTC_785af.dir/build.make CMakeFiles/cmTC_785af.dir/build
make[1]: вход в каталог «/home/geremy/CLionProjects/BunyEngine/cmake-build-debug-coverage/CMakeFiles/CMakeTmp»
Building C object CMakeFiles/cmTC_785af.dir/HAVE_PTHREAD_NP_H.c.o
/usr/bin/cc   --coverage -idirafter "/home/geremy/CLionProjects/BunyEngine/libs/SDL2/src/video/khronos"   -D_REENTRANT -pthread -o CMakeFiles/cmTC_785af.dir/HAVE_PTHREAD_NP_H.c.o -c /home/geremy/CLionProjects/BunyEngine/cmake-build-debug-coverage/CMakeFiles/CheckIncludeFiles/HAVE_PTHREAD_NP_H.c
/home/geremy/CLionProjects/BunyEngine/cmake-build-debug-coverage/CMakeFiles/CheckIncludeFiles/HAVE_PTHREAD_NP_H.c:2:10: fatal error: pthread_np.h: Нет такого файла или каталога
    2 | #include <pthread_np.h>
      |          ^~~~~~~~~~~~~~
compilation terminated.
make[1]: *** [CMakeFiles/cmTC_785af.dir/build.make:85: CMakeFiles/cmTC_785af.dir/HAVE_PTHREAD_NP_H.c.o] Ошибка 1
make[1]: выход из каталога «/home/geremy/CLionProjects/BunyEngine/cmake-build-debug-coverage/CMakeFiles/CMakeTmp»
make: *** [Makefile:140: cmTC_785af/fast] Ошибка 2


Source:
/* */
#include <pthread_np.h>


int main(void){return 0;}

Determining if the pthread_setname_np exist failed with the following output:
Change Dir: /home/geremy/CLionProjects/BunyEngine/cmake-build-debug-coverage/CMakeFiles/CMakeTmp

Run Build Command(s):/usr/bin/make cmTC_172ae/fast && /usr/bin/make  -f CMakeFiles/cmTC_172ae.dir/build.make CMakeFiles/cmTC_172ae.dir/build
make[1]: вход в каталог «/home/geremy/CLionProjects/BunyEngine/cmake-build-debug-coverage/CMakeFiles/CMakeTmp»
Building C object CMakeFiles/cmTC_172ae.dir/CheckSymbolExists.c.o
/usr/bin/cc   --coverage -idirafter "/home/geremy/CLionProjects/BunyEngine/libs/SDL2/src/video/khronos"   -D_REENTRANT -pthread -o CMakeFiles/cmTC_172ae.dir/CheckSymbolExists.c.o -c /home/geremy/CLionProjects/BunyEngine/cmake-build-debug-coverage/CMakeFiles/CMakeTmp/CheckSymbolExists.c
/home/geremy/CLionProjects/BunyEngine/cmake-build-debug-coverage/CMakeFiles/CMakeTmp/CheckSymbolExists.c: In function ‘main’:
/home/geremy/CLionProjects/BunyEngine/cmake-build-debug-coverage/CMakeFiles/CMakeTmp/CheckSymbolExists.c:8:19: error: ‘pthread_setname_np’ undeclared (first use in this function); did you mean ‘pthread_setcanceltype’?
    8 |   return ((int*)(&pthread_setname_np))[argc];
      |                   ^~~~~~~~~~~~~~~~~~
      |                   pthread_setcanceltype
/home/geremy/CLionProjects/BunyEngine/cmake-build-debug-coverage/CMakeFiles/CMakeTmp/CheckSymbolExists.c:8:19: note: each undeclared identifier is reported only once for each function it appears in
make[1]: *** [CMakeFiles/cmTC_172ae.dir/build.make:85: CMakeFiles/cmTC_172ae.dir/CheckSymbolExists.c.o] Ошибка 1
make[1]: выход из каталога «/home/geremy/CLionProjects/BunyEngine/cmake-build-debug-coverage/CMakeFiles/CMakeTmp»
make: *** [Makefile:140: cmTC_172ae/fast] Ошибка 2


File /home/geremy/CLionProjects/BunyEngine/cmake-build-debug-coverage/CMakeFiles/CMakeTmp/CheckSymbolExists.c:
/* */
#include <pthread.h>

int main(int argc, char** argv)
{
  (void)argv;
#ifndef pthread_setname_np
  return ((int*)(&pthread_setname_np))[argc];
#else
  (void)argc;
  return 0;
#endif
}
